<?xml version="1.0" encoding="UTF-8"?>
<!-- Generated by org.testng.reporters.JUnitReportReporter -->
<testsuite hostname="DESKTOP-8HD2FDV" failures="0" tests="4" name="ui.DataProviderDemoTest" time="12.283" errors="0" timestamp="2022-04-11T15:23:34 COT" skipped="0">
  <testcase classname="ui.DataProviderDemoTest" name="test" time="1.924"/>
  <system-out/>
  <testcase classname="ui.DataProviderDemoTest" name="test" time="1.558"/>
  <system-out/>
  <testcase classname="ui.DataProviderDemoTest" name="test" time="6.806"/>
  <system-out/>
  <testcase classname="ui.DataProviderDemoTest" name="test" time="1.995"/>
  <system-out/>
</testsuite> <!-- ui.DataProviderDemoTest -->
