<?xml version="1.0" encoding="UTF-8"?>
<!-- Generated by org.testng.reporters.JUnitReportReporter -->
<testsuite hostname="DESKTOP-8HD2FDV" failures="0" tests="8" name="ui.DataProviderDemoTest" time="12.550" errors="0" timestamp="2022-04-11T15:46:35 COT" skipped="0">
  <testcase classname="ui.DataProviderDemoTest" name="test1" time="6.636"/>
  <system-out/>
  <testcase classname="ui.DataProviderDemoTest" name="test2" time="0.001"/>
  <system-out/>
  <testcase classname="ui.DataProviderDemoTest" name="test2" time="0.001"/>
  <system-out/>
  <testcase classname="ui.DataProviderDemoTest" name="test1" time="2.261"/>
  <system-out/>
  <testcase classname="ui.DataProviderDemoTest" name="test1" time="1.670"/>
  <system-out/>
  <testcase classname="ui.DataProviderDemoTest" name="test1" time="1.979"/>
  <system-out/>
  <testcase classname="ui.DataProviderDemoTest" name="test2" time="0.001"/>
  <system-out/>
  <testcase classname="ui.DataProviderDemoTest" name="test2" time="0.001"/>
  <system-out/>
</testsuite> <!-- ui.DataProviderDemoTest -->
