<?xml version="1.0" encoding="UTF-8"?>
<!-- Generated by org.testng.reporters.JUnitReportReporter -->
<testsuite hostname="DESKTOP-8HD2FDV" failures="0" tests="1" name="ui.LoginTest2" time="11.970" errors="0" timestamp="2022-04-11T16:15:36 COT" skipped="0">
  <testcase classname="ui.LoginTest2" name="launchApplication" time="11.970"/>
  <system-out/>
</testsuite> <!-- ui.LoginTest2 -->
