<?xml version="1.0" encoding="UTF-8"?>
<!-- Generated by org.testng.reporters.JUnitReportReporter -->
<testsuite hostname="DESKTOP-8HD2FDV" failures="0" tests="1" name="ui.VerifyTitleTest" time="3.628" errors="0" timestamp="2022-04-07T14:35:10 COT" skipped="0">
  <testcase classname="ui.VerifyTitleTest" name="titleTest" time="3.628"/>
  <system-out/>
</testsuite> <!-- ui.VerifyTitleTest -->
