<?xml version="1.0" encoding="UTF-8"?>
<!-- Generated by org.testng.reporters.JUnitReportReporter -->
<testsuite hostname="DESKTOP-8HD2FDV" failures="0" tests="1" name="ui.LoginTest" time="0.006" errors="0" timestamp="2022-04-07T09:55:23 COT" skipped="0">
  <testcase classname="ui.LoginTest" name="loginTest" time="0.006"/>
  <system-out/>
</testsuite> <!-- ui.LoginTest -->
