<?xml version="1.0" encoding="UTF-8"?>
<!-- Generated by org.testng.reporters.JUnitReportReporter -->
<testsuite hostname="DESKTOP-8HD2FDV" failures="0" tests="2" name="ui.LoginTest" time="0.005" errors="0" timestamp="2022-04-07T11:27:19 COT" skipped="0">
  <testcase classname="ui.LoginTest" name="aTest1" time="0.004"/>
  <system-out/>
  <testcase classname="ui.LoginTest" name="aTest2" time="0.001"/>
  <system-out/>
</testsuite> <!-- ui.LoginTest -->
