<?xml version="1.0" encoding="UTF-8"?>
<!-- Generated by org.testng.reporters.JUnitReportReporter -->
<testsuite hostname="DESKTOP-8HD2FDV" failures="0" tests="4" name="ui.GroupsDemoTest" time="0.003" errors="0" timestamp="2022-04-11T11:12:06 COT" skipped="0">
  <testcase classname="ui.GroupsDemoTest" name="aTest1" time="0.000"/>
  <system-out/>
  <testcase classname="ui.GroupsDemoTest" name="aTest4" time="0.001"/>
  <system-out/>
  <testcase classname="ui.GroupsDemoTest" name="aTest2" time="0.001"/>
  <system-out/>
  <testcase classname="ui.GroupsDemoTest" name="aTest3" time="0.001"/>
  <system-out/>
</testsuite> <!-- ui.GroupsDemoTest -->
